<?xml version="1.0" encoding="UTF-8"?>
<!-- Generated by org.testng.reporters.JUnitReportReporter -->
<testsuite hostname="DESKTOP-ETBA5PC" failures="0" tests="1" name="com.ActiTime.Testscripts.CreateCustomer" time="18.599" errors="0" timestamp="2023-07-24T11:04:14 IST" skipped="0">
  <testcase classname="com.ActiTime.Testscripts.CreateCustomer" name="createCustomer" time="18.599"/>
  <system-out>
    <![CDATA[database connected
Browser is Launch succesfully
logged in succesfully
logged out succesfully
Browser is close succesfully
database disconnected succesfully]]>
  </system-out>
</testsuite> <!-- com.ActiTime.Testscripts.CreateCustomer -->
